"../../../Engine/Content/Functions/Engine_MaterialFunctions01/Shading/PowerToRoughness.uasset" 0
"../../../Engine/Content/Functions/Engine_MaterialFunctions01/Shading/ConvertFromDiffSpec.uasset" 1
"../../../Engine/Content/EngineMaterials/DefaultDiffuse.uasset" 2
"../../../Engine/Content/EngineMaterials/DefaultDeferredDecalMaterial.uasset" 3
"../../../Engine/Content/EngineMaterials/DefaultLightFunctionMaterial.uasset" 4
"../../../Engine/Content/Functions/Engine_MaterialFunctions02/Utility/BreakOutFloat2Components.uasset" 5
"../../../Engine/Content/EngineMaterials/DefaultPostProcessMaterial.uasset" 6
"../../../Engine/Content/EditorMaterials/Camera/CineMat.uasset" 7
"../../../Engine/Content/EditorMaterials/Camera/MI_CineMat_Rig.uasset" 8
"../../../Engine/Content/EditorMeshes/Camera/SM_CraneRig_Base.uasset" 9
"../../../Engine/Content/EditorMeshes/Camera/SM_CraneRig_Arm.uasset" 10
"../../../Engine/Content/EditorMeshes/Camera/SM_CraneRig_Mount.uasset" 11
"../../../Engine/Content/EditorMeshes/Camera/SM_CraneRig_Body.uasset" 12
"../../../Engine/Content/EditorMeshes/Camera/SM_RailRig_Track.uasset" 13
"../../../Engine/Content/EditorMeshes/Camera/SM_RailRig_Mount.uasset" 14
"../../../Engine/Content/EngineResources/AICON-Red.uasset" 15
"../../../Engine/Content/EngineResources/AICON-Green.uasset" 16
"../../../Engine/Content/EngineFonts/Roboto.uasset" 17
"../../../Engine/Content/EngineResources/DefaultTexture.uasset" 18
"../../../Engine/Content/Functions/Engine_MaterialFunctions01/Texturing/ScaleUVsByCenter.uasset" 19
"../../../Engine/Content/Functions/Engine_MaterialFunctions02/ScreenResolution.uasset" 20
"../../../Engine/Content/Functions/Engine_MaterialFunctions02/Texturing/ScreenAlignedUVs.uasset" 21
"../../../Engine/Content/EngineResources/WhiteSquareTexture.uasset" 22
"../../../Engine/Content/EngineMaterials/Widget3DPassThrough.uasset" 23
"../../../Engine/Content/EngineMaterials/Widget3DPassThrough_Translucent.uasset" 24
"../../../Engine/Content/EngineMaterials/Widget3DPassThrough_Translucent_OneSided.uasset" 25
"../../../Engine/Content/EngineMaterials/Widget3DPassThrough_Opaque.uasset" 26
"../../../Engine/Content/EngineMaterials/Widget3DPassThrough_Opaque_OneSided.uasset" 27
"../../../Engine/Content/EngineMaterials/Widget3DPassThrough_Masked.uasset" 28
"../../../Engine/Content/EngineMaterials/Widget3DPassThrough_Masked_OneSided.uasset" 29
"../../../Engine/Content/EditorResources/S_Actor.uasset" 30
"../../../Engine/Content/EditorMaterials/AssetViewer/EpicQuadPanorama_CC+EV1.uasset" 31
"../../../Engine/Content/EditorResources/RGBTable16x1_AssetViewer.uasset" 32
"../../../Engine/Content/Maps/Templates/Thumbnails/Default.uasset" 33
"../../../Engine/Content/Maps/Templates/Thumbnails/VR-Basic.uasset" 34
"../../../Engine/Content/EditorMaterials/ParticleSystems/PSysThumbnail_NoImage.uasset" 35
"../../../Engine/Content/EditorMaterials/ParticleSystems/PSysThumbnail_OOD.uasset" 36
"../../../Engine/Content/EditorLandscapeResources/DataLayer.uasset" 37
"../../../Engine/Content/EngineDamageTypes/DmgTypeBP_Environmental.uasset" 38
"../../../Engine/Content/EngineMeshes/Sphere.uasset" 39
"../../../Engine/Content/EngineFonts/RobotoDistanceField.uasset" 40
"../../../Engine/Content/EngineMaterials/DefaultTextMaterialOpaque.uasset" 41
"../../../Engine/Content/EditorResources/S_Trigger.uasset" 42
"../../../Engine/Content/EngineResources/GradientTexture0.uasset" 43
"../../../Engine/Content/EngineResources/Black.uasset" 44
"../../../Engine/Content/EditorMaterials/MatineeGroups/MAT_Groups_Float.uasset" 45
"../../../Engine/Content/EditorMaterials/MatineeGroups/MAT_Groups_Director.uasset" 46
"../../../Engine/Content/EditorMaterials/MatineeGroups/MAT_Groups_Event.uasset" 47
"../../../Engine/Content/EditorMaterials/MatineeGroups/MAT_Groups_Anim.uasset" 48
"../../../Engine/Content/EditorMaterials/MatineeGroups/MAT_Groups_Fade.uasset" 49
"../../../Engine/Content/EditorMaterials/MatineeGroups/MAT_Groups_Move.uasset" 50
"../../../Engine/Content/EditorMaterials/MatineeGroups/MAT_Groups_Slomo.uasset" 51
"../../../Engine/Content/EditorMaterials/MatineeGroups/MAT_ColorTrack.uasset" 52
"../../../Engine/Content/EditorMaterials/MAT_Groups_Toggle.uasset" 53
"../../../Engine/Content/EditorMaterials/MatineeGroups/MAT_Groups_AudioMaster.uasset" 54
"../../../Engine/Content/EditorMaterials/MatineeGroups/MAT_Groups_Sound.uasset" 55
"../../../Engine/Content/EditorMaterials/MatineeGroups/MAT_Groups_Vector.uasset" 56
"../../../Engine/Content/EditorMaterials/MAT_Groups_Visibility.uasset" 57
"../../../Engine/Content/EngineResources/DefaultTextureCube.uasset" 58
"../../../Engine/Content/Functions/Engine_MaterialFunctions01/Opacity/CameraDepthFade.uasset" 59
"../../../Engine/Content/EngineMaterials/T_Default_Material_Grid_M.uasset" 60
"../../../Engine/Content/EngineMaterials/T_Default_Material_Grid_N.uasset" 61
"../../../Engine/Content/EngineMaterials/DefaultMaterial.uasset" 62
"../../../Engine/Content/EngineMeshes/Cylinder.uasset" 63
"../../../Engine/Content/EngineTireTypes/DefaultTireType.uasset" 64
"../../../Engine/Content/VREditor/LaserPointer/VR_LaserPower_01.uasset" 65
"../../../Engine/Content/VREditor/TransformGizmo/TransformGizmoMaterial.uasset" 66
"../../../Engine/Content/VREditor/TransformGizmo/TranslucentTransformGizmoMaterial.uasset" 67
"../../../Engine/Content/VREditor/TransformGizmo/UniformScaleHandle.uasset" 68
"../../../Engine/Content/VREditor/TransformGizmo/TranslateHandleLong.uasset" 69
"../../../Engine/Content/VREditor/TransformGizmo/PlaneTranslationHandle.uasset" 70
"../../../Engine/Content/VREditor/TransformGizmo/RotationHandleFull.uasset" 71
"../../../Engine/Content/VREditor/TransformGizmo/StretchingHandle.uasset" 72
"../../../Engine/Content/VREditor/TransformGizmo/BoundingBoxCorner.uasset" 73
"../../../Engine/Content/VREditor/TransformGizmo/BoundingBoxEdge.uasset" 74
"../../../Engine/Content/VREditor/UI/SelectionBarMesh.uasset" 75
"../../../Engine/Content/VREditor/UI/CloseButtonMesh.uasset" 76
"../../../Engine/Content/VREditor/FloatingText/LineMaterial.uasset" 77
"../../../Engine/Content/VREditor/FloatingText/LineSegmentCylinder.uasset" 78
"../../../Engine/Content/VREditor/FloatingText/JointSphere.uasset" 79
"../../../Engine/Content/VREditor/Fonts/VRText_RobotoLarge.uasset" 80
"../../../Engine/Content/VREditor/Fonts/VRTextMaterial.uasset" 81
"../../../Engine/Content/VREditor/Fonts/TranslucentVRTextMaterial.uasset" 82
"../../../Engine/Content/VREditor/TransformGizmo/TranslationHandle.uasset" 83
"../../../Engine/Content/VREditor/TransformGizmo/RotationHandle.uasset" 84
"../../../Engine/Content/VREditor/Devices/Generic/GenericHMDMaterial.uasset" 85
"../../../Engine/Content/VREditor/Devices/Generic/GenericHMD.uasset" 86
"../../../Engine/Content/Functions/Engine_MaterialFunctions01/Gradient/RadialGradient.uasset" 87
"../../../Engine/Content/EditorLandscapeResources/FlattenHeightMat.uasset" 88
"../../../Engine/Content/VREditor/WorldMovementGrid/PlaneMesh.uasset" 89
"../../../Engine/Content/VREditor/WorldMovementGrid/SimpleGrid.uasset" 90
"../../../Engine/Content/VREditor/WorldMovementGrid/GridMaterial.uasset" 91
"../../../Engine/Content/VREditor/LaserPointer/LaserPointerMaterial.uasset" 92
"../../../Engine/Content/VREditor/LaserPointer/LaserPointerMaterialInst.uasset" 93
"../../../Engine/Content/VREditor/LaserPointer/TranslucentLaserPointerMaterialInst.uasset" 94
"../../../Engine/Content/VREditor/LaserPointer/LaserPointerMesh.uasset" 95
"../../../Engine/Content/Functions/Engine_MaterialFunctions01/Density/ExponentialDensity.uasset" 96
"../../../Engine/Content/VREditor/WorldMovementGrid/GridPostProcess.uasset" 97
"../../../Engine/Content/VREditor/Sounds/VR_teleport_Cue.uasset" 98
"../../../Engine/Content/VREditor/Sounds/VR_grab_Cue.uasset" 99
"../../../Engine/Content/Tutorial/BlueprintTutorials/TutorialAssets/Blueprint_64x.uasset" 100
"../../../Engine/Content/Tutorial/Basics/TutorialAssets/icon_tab_Levels_40x.uasset" 101
"../../../Engine/Content/Tutorial/ContentIntroCurve.uasset" 102
"../../../Engine/Plugins/2D/Paper2D/Content/PlaceholderTextures/DummySpriteTexture.uasset" 103
"../../../Engine/Plugins/2D/Paper2D/Content/DefaultSpriteMaterial.uasset" 104
"../../../Engine/Plugins/2D/Paper2D/Content/MaskedUnlitSpriteMaterial.uasset" 105
"../../../Engine/Plugins/2D/Paper2D/Content/OpaqueUnlitSpriteMaterial.uasset" 106
"../../../Engine/Plugins/2D/Paper2D/Content/DummySprite.uasset" 107
"../../../Engine/Plugins/2D/Paper2D/Content/DefaultPaperTerrainMaterial.uasset" 108
"../../../Engine/Content/EngineMaterials/RemoveSurfaceMaterial.uasset" 109
"../../../Engine/Content/EngineDebugMaterials/DebugMeshMaterial.uasset" 110
"../../../Engine/Content/EngineMaterials/InvalidLightmapSettings.uasset" 111
"../../../Engine/Content/EngineMaterials/M_InvalidLightmapSettings.uasset" 112
"../../../Engine/Content/EditorMaterials/GizmoMaterial.uasset" 113
"../../../Engine/Content/EngineMaterials/PhAT_JointLimitMaterial.uasset" 114
"../../../Engine/Content/EngineMaterials/Good64x64TilingNoiseHighFreq.uasset" 115
"../../../Engine/Content/EngineMaterials/DefaultBokeh.uasset" 116
"../../../Engine/Content/EngineMaterials/PreintegratedSkinBRDF.uasset" 117
"../../../Engine/Content/EngineMaterials/MiniFont.uasset" 118
"../../../Engine/Content/EngineMaterials/WeightMapPlaceholderTexture.uasset" 119
"../../../Engine/Content/EngineMaterials/DefaultWhiteGrid.uasset" 120
"../../../Engine/Content/EngineFonts/RobotoTiny.uasset" 121
"../../../Engine/Content/EditorSounds/Notifications/CompileSuccess.uasset" 122
"../../../Engine/Content/EditorSounds/Notifications/CompileStart_Cue.uasset" 123
"../../../Engine/Content/EditorSounds/Notifications/CompileSuccess_Cue.uasset" 124
"../../../Engine/Content/EditorSounds/Notifications/CompileFailed.uasset" 125
"../../../Engine/Content/EditorSounds/Notifications/CompileFailed_Cue.uasset" 126
"../../../Engine/Content/EditorResources/AudioIcons/S_AudioComponent_AutoActivate.uasset" 127
"../../../Engine/Content/MobileResources/T_MobileMenu2.uasset" 128
"../../../Engine/Content/MobileResources/HUD/T_Castle_ThumbstickOutter.uasset" 129
"../../../Engine/Content/MobileResources/HUD/MobileHUDDirectionStick.uasset" 130
"../../../Unreal_Icebreaker/Content/Meshes/Characters/Enemy/Sprinter_Skeleton.uasset" 131
"../../../Unreal_Icebreaker/Content/Animations/SprinterIdle.uasset" 132
"../../../Unreal_Icebreaker/Content/Animations/sprinter.uasset" 133
"../../../Unreal_Icebreaker/Content/Animations/SprinterRun.uasset" 134
"../../../Unreal_Icebreaker/Content/Animations/sprinter2.uasset" 135
"../../../Unreal_Icebreaker/Content/Audio/AudioLogs/Placeholder/PTTP_WatchAudio_Prologue_01.uasset" 136
"../../../Unreal_Icebreaker/Content/Audio/AudioLogs/Placeholder/PTTP_WatchAudio_Prologue_02.uasset" 137
"../../../Unreal_Icebreaker/Content/Audio/AudioLogs/Placeholder/PTTP_WatchAudio_Prologue_03.uasset" 138
"../../../Unreal_Icebreaker/Content/Audio/AudioLogs/Placeholder/Menu/birch_birch_come_in.uasset" 139
"../../../Unreal_Icebreaker/Content/Audio/AudioLogs/Placeholder/prologue/ptpp_watchaudio_prologue_1.uasset" 140
"../../../Unreal_Icebreaker/Content/Audio/AudioLogs/Placeholder/prologue/ptpp_watchaudio_prologue_10.uasset" 141
"../../../Unreal_Icebreaker/Content/Audio/AudioLogs/Placeholder/prologue/ptpp_watchaudio_prologue_11.uasset" 142
"../../../Unreal_Icebreaker/Content/Audio/AudioLogs/Placeholder/prologue/ptpp_watchaudio_prologue_12.uasset" 143
"../../../Unreal_Icebreaker/Content/Audio/AudioLogs/Placeholder/prologue/ptpp_watchaudio_prologue_13.uasset" 144
"../../../Unreal_Icebreaker/Content/Audio/AudioLogs/Placeholder/prologue/ptpp_watchaudio_prologue_2.uasset" 145
"../../../Unreal_Icebreaker/Content/Audio/AudioLogs/Placeholder/prologue/ptpp_watchaudio_prologue_3.uasset" 146
"../../../Unreal_Icebreaker/Content/Audio/AudioLogs/Placeholder/prologue/ptpp_watchaudio_prologue_5.uasset" 147
"../../../Unreal_Icebreaker/Content/Audio/AudioLogs/Placeholder/prologue/ptpp_watchaudio_prologue_7.uasset" 148
"../../../Unreal_Icebreaker/Content/Audio/footsteps/footsteps.uasset" 149
"../../../Unreal_Icebreaker/Content/Audio/footsteps/footstep_splash_01.uasset" 150
"../../../Unreal_Icebreaker/Content/Audio/footsteps/footstep_splash_02.uasset" 151
"../../../Unreal_Icebreaker/Content/Audio/footsteps/footstep_splash_03.uasset" 152
"../../../Unreal_Icebreaker/Content/Audio/footsteps/footstep_splash_04.uasset" 153
"../../../Unreal_Icebreaker/Content/Audio/footsteps/footstep_splash_05.uasset" 154
"../../../Unreal_Icebreaker/Content/Audio/footsteps/footstep_splash_06.uasset" 155
"../../../Unreal_Icebreaker/Content/Audio/footsteps/footstep_splash_07.uasset" 156
"../../../Unreal_Icebreaker/Content/Audio/footsteps/footstep_splash_08.uasset" 157
"../../../Unreal_Icebreaker/Content/Audio/SoundEffects/Ambient_String_2.uasset" 158
"../../../Unreal_Icebreaker/Content/Audio/SoundEffects/Ambient_String_4.uasset" 159
"../../../Unreal_Icebreaker/Content/Audio/SoundEffects/Ambient_String_5.uasset" 160
"../../../Unreal_Icebreaker/Content/Audio/SoundEffects/Ambient_String_7.uasset" 161
"../../../Unreal_Icebreaker/Content/Audio/SoundEffects/Large_Metal_Rusty_Door-SoundBible_com-1645657318.uasset" 162
"../../../Unreal_Icebreaker/Content/Audio/SoundEffects/light/light_hum_01.uasset" 163
"../../../Unreal_Icebreaker/Content/Audio/Sprinter/Sprinter_Alert_Cue.uasset" 164
"../../../Unreal_Icebreaker/Content/Audio/Sprinter/Sprinter_eating.uasset" 165
"../../../Unreal_Icebreaker/Content/Audio/Sprinter/Sprinter_eating_2.uasset" 166
"../../../Engine/Content/EditorBlueprintResources/StandardMacros.uasset" 167
"../../../Unreal_Icebreaker/Content/Blueprints/Interactable/Interactable.uasset" 168
"../../../Unreal_Icebreaker/Content/Geometry/Meshes/CubeMaterial.uasset" 169
"../../../Unreal_Icebreaker/Content/Geometry/Meshes/1M_Cube.uasset" 170
"../../../Unreal_Icebreaker/Content/Blueprints/Puzzles/BilgePump/B_Pickupable.uasset" 171
"../../../Unreal_Icebreaker/Content/Audio/footsteps/S_Foot_steps.uasset" 172
"../../../Unreal_Icebreaker/Content/Blueprints/DataTypes/Structs/AudioLog.uasset" 173
"../../../Unreal_Icebreaker/Content/Audio/AudioLogs/Placeholder/SecondLevel/01-instructions_01-consolidated.uasset" 174
"../../../Unreal_Icebreaker/Content/Audio/AudioLogs/Placeholder/SecondLevel/02-instructions_02-consolidated.uasset" 175
"../../../Unreal_Icebreaker/Content/Blueprints/GameModes/B_PlayerState_Icebreaker.uasset" 176
"../../../Unreal_Icebreaker/Content/Blueprints/DataTypes/Functions/PlayerGets.uasset" 177
"../../../Unreal_Icebreaker/Content/Blueprints/GUI/Widgets/W_Watch_RecordingItem.uasset" 178
"../../../Unreal_Icebreaker/Content/Textures/watch_face_col.uasset" 179
"../../../Unreal_Icebreaker/Content/Blueprints/GUI/Widgets/W_WatchMenu.uasset" 180
"../../../Unreal_Icebreaker/Content/Textures/watch_col.uasset" 181
"../../../Unreal_Icebreaker/Content/Unsorted/RENAME_ME_16.uasset" 182
"../../../Unreal_Icebreaker/Content/Meshes/Watch_01.uasset" 183
"../../../Unreal_Icebreaker/Content/Blueprints/GameModes/B_CharacterGeneric.uasset" 184
"../../../Engine/Content/Functions/Engine_MaterialFunctions02/Fresnel_Function.uasset" 185
"../../../Unreal_Icebreaker/Content/Materials/M_Glass.uasset" 186
"../../../Unreal_Icebreaker/Content/Meshes/light_bulb_01.uasset" 187
"../../../Unreal_Icebreaker/Content/Blueprints/Utility/B_PointLight_Coll.uasset" 188
"../../../Unreal_Icebreaker/Content/Blueprints/AI/E_AIAggroStates.uasset" 189
"../../../Unreal_Icebreaker/Content/Blueprints/AI/B_AIScamper.uasset" 190
"../../../Unreal_Icebreaker/Content/Blueprints/AI/Sprinter/BTT_CheckFollowPlayer.uasset" 191
"../../../Unreal_Icebreaker/Content/Blueprints/DataTypes/Enums/E_WatchRecordings.uasset" 192
"../../../Unreal_Icebreaker/Content/Blueprints/GUI/B_SteamWatch.uasset" 193
"../../../Unreal_Icebreaker/Content/Blueprints/Interactable/I_Door.uasset" 194
"../../../Engine/Content/BasicShapes/BasicShapeMaterial.uasset" 195
"../../../Engine/Content/EngineMaterials/WorldGridMaterial.uasset" 196
"../../../Engine/Content/BasicShapes/Cube.uasset" 197
"../../../Unreal_Icebreaker/Content/Blueprints/DataTypes/Enums/DoorState.uasset" 198
"../../../Unreal_Icebreaker/Content/Blueprints/Interactable/I_DoorUtilCube.uasset" 199
"../../../Unreal_Icebreaker/Content/Blueprints/Lights/flicker.uasset" 200
"../../../Unreal_Icebreaker/Content/Blueprints/Lights/IntercomLight.uasset" 201
"../../../Unreal_Icebreaker/Content/Blueprints/Utility/B_Utility_Cube.uasset" 202
"../../../Unreal_Icebreaker/Content/Materials/Generic/Colours/M_Green_alpha.uasset" 203
"../../../Unreal_Icebreaker/Content/Blueprints/Utility/B_Utility_Cube_Trigger.uasset" 204
"../../../Unreal_Icebreaker/Content/Blueprints/GameModes/B_MyPlayerController.uasset" 205
"../../../Unreal_Icebreaker/Content/Textures/GUI/reticle.uasset" 206
"../../../Unreal_Icebreaker/Content/Blueprints/GUI/B_GameHUD.uasset" 207
"../../../Unreal_Icebreaker/Content/Blueprints/GameModes/B_Gamemode_IcebreakerGeneric.uasset" 208
"../../../Unreal_Icebreaker/Content/Cinematics/Sequences/HidingIntroduction.uasset" 209
"../../../Unreal_Icebreaker/Content/Cinematics/Sequences/ShipCinematic.uasset" 210
"../../../Unreal_Icebreaker/Content/Cinematics/Sequences/shipx2.uasset" 211
"../../../Unreal_Icebreaker/Content/Cinematics/Sequences/sprinter_anim/shots/shot0010/shot0010_001.uasset" 212
"../../../Unreal_Icebreaker/Content/Cinematics/Sequences/sprinter_anim/shots/shot0020/shot0020_001.uasset" 213
"../../../Unreal_Icebreaker/Content/Cinematics/Sequences/sprinter_anim/shots/shot0030/shot0030_001.uasset" 214
"../../../Unreal_Icebreaker/Content/Cinematics/Sequences/sprinter_anim/shots/shot0040/shot0040_001.uasset" 215
"../../../Unreal_Icebreaker/Content/Cinematics/Sequences/sprinter_anim/shots/shot0050/shot0050_001.uasset" 216
"../../../Unreal_Icebreaker/Content/Effects/Textures/Noise/T_HeatTile3_N.uasset" 217
"../../../Unreal_Icebreaker/Content/Effects/Textures/Water/T_PuddleMask.uasset" 218
"../../../Unreal_Icebreaker/Content/Effects/Textures/Water/T_PuddleN.uasset" 219
"../../../Unreal_Icebreaker/Content/Effects/Textures/Water/T_SplashDisc_N.uasset" 220
"../../../Unreal_Icebreaker/Content/Effects/Materials/Water/M_Mod_WaterFlow_DCL_Master.uasset" 221
"../../../Unreal_Icebreaker/Content/Effects/Textures/Cube/CaveMap_Interior_Cube.uasset" 222
"../../../Unreal_Icebreaker/Content/Effects/Materials/Water/M_Mod_WaterFlow_DCL_Puddle_Inst.uasset" 223
"../../../Unreal_Icebreaker/Content/Effects/Materials/Water/M_Mod_WaterFlow_DCL_RockFace_Inst.uasset" 224
"../../../Unreal_Icebreaker/Content/Effects/Materials/Water/M_Mod_WaterFlow_DCL_Shallow_Inst.uasset" 225
"../../../Unreal_Icebreaker/Content/Effects/Textures/T_Smoke_Dust_Base_01.uasset" 226
"../../../Unreal_Icebreaker/Content/Effects/Materials/Dust/M_HangingDust_01.uasset" 227
"../../../Unreal_Icebreaker/Content/Effects/Materials/Dust/M_LargeRoom_Hanging_01.uasset" 228
"../../../Unreal_Icebreaker/Content/Effects/Particles/P_Dust_Hanging_Large_Haze_Thick.uasset" 229
"../../../Unreal_Icebreaker/Content/Effects/Textures/T_SmokeBall_03_Perlin.uasset" 230
"../../../Unreal_Icebreaker/Content/Effects/Materials/Dust/M_Dust_Mote.uasset" 231
"../../../Unreal_Icebreaker/Content/Effects/VectorFields/VF_RandomNoise_01_90.uasset" 232
"../../../Unreal_Icebreaker/Content/Effects/Particles/Dust/PGPU_Dust_Vec.uasset" 233
"../../../Unreal_Icebreaker/Content/Effects/VectorFields/VF_Tunnel_Movement_2_100.uasset" 234
"../../../Unreal_Icebreaker/Content/Effects/Particles/Dust/PGPU_Dust_Vec_Fast.uasset" 235
"../../../Unreal_Icebreaker/Content/Effects/Particles/Dust/PGPU_Dust_Vec_Large.uasset" 236
"../../../Unreal_Icebreaker/Content/Effects/Textures/Fire/T_FireSubUV_11X11_32.uasset" 237
"../../../Unreal_Icebreaker/Content/Effects/Textures/Noise/T_TilingNoise16.uasset" 238
"../../../Unreal_Icebreaker/Content/Effects/Materials/Fire/M_Fire_SubUV_11X11_Noise.uasset" 239
"../../../Unreal_Icebreaker/Content/Effects/Textures/Noise/T_TilingNoise03.uasset" 240
"../../../Unreal_Icebreaker/Content/Effects/Materials/Fire/M_HeatDistort.uasset" 241
"../../../Unreal_Icebreaker/Content/Effects/Textures/Flares/T_FlareRound_Noise.uasset" 242
"../../../Unreal_Icebreaker/Content/Effects/Materials/Flares/M_FlareRound.uasset" 243
"../../../Unreal_Icebreaker/Content/Effects/Textures/Noise/T_TilingNoise12.uasset" 244
"../../../Unreal_Icebreaker/Content/Effects/Textures/Snow/T_Snow01_Packed.uasset" 245
"../../../Unreal_Icebreaker/Content/Effects/Materials/Sparks/M_Spark_VelocityLerp.uasset" 246
"../../../Unreal_Icebreaker/Content/Effects/Particles/Fire/P_LargeFire.uasset" 247
"../../../Unreal_Icebreaker/Content/Effects/Textures/Smoke/T_SmokeSubUV_8X8_02.uasset" 248
"../../../Unreal_Icebreaker/Content/Effects/Textures/Smoke/T_TilingClouds_01.uasset" 249
"../../../Unreal_Icebreaker/Content/Effects/Materials/Snow/M_Snow_Blowing_Lit.uasset" 250
"../../../Unreal_Icebreaker/Content/Effects/Particles/Fire/P_OrbGlowLights.uasset" 251
"../../../Unreal_Icebreaker/Content/Effects/Particles/Fire/P_TorchFire.uasset" 252
"../../../Unreal_Icebreaker/Content/Effects/Particles/Fire/P_TorchFire_Blizzard.uasset" 253
"../../../Unreal_Icebreaker/Content/Effects/Particles/Fire/P_TorchFire_Entrance.uasset" 254
"../../../Unreal_Icebreaker/Content/Effects/Materials/Snow/M_SnowFlake_VelocityLerp.uasset" 255
"../../../Unreal_Icebreaker/Content/Effects/Particles/Snow/P_Blizzard_EdgeBlow.uasset" 256
"../../../Unreal_Icebreaker/Content/Effects/Materials/Snow/M_Snow_Blowing_unLit.uasset" 257
"../../../Unreal_Icebreaker/Content/Effects/Materials/Snow/M_SnowFlake_VelocityLerp_AA.uasset" 258
"../../../Unreal_Icebreaker/Content/Effects/VectorFields/VF_Blizzard_80.uasset" 259
"../../../Unreal_Icebreaker/Content/Effects/Particles/Snow/P_Blizzard_Hint.uasset" 260
"../../../Unreal_Icebreaker/Content/Effects/Materials/Snow/M_Snow_Blowing_unLit_LowBias.uasset" 261
"../../../Unreal_Icebreaker/Content/Effects/Particles/Snow/P_BlowAcrossGround.uasset" 262
"../../../Unreal_Icebreaker/Content/Effects/Particles/Snow/P_BlowDetails.uasset" 263
"../../../Unreal_Icebreaker/Content/Effects/Particles/Snow/P_BlowIntoHoles.uasset" 264
"../../../Unreal_Icebreaker/Content/Effects/Particles/Snow/P_BlowTower.uasset" 265
"../../../Unreal_Icebreaker/Content/Effects/Particles/Snow/P_Mist_Lit_Blowig.uasset" 266
"../../../Unreal_Icebreaker/Content/Effects/Particles/Snow/P_Mist_Lit_Still.uasset" 267
"../../../Unreal_Icebreaker/Content/Effects/Textures/Cube/CubeNearEntrance.uasset" 268
"../../../Unreal_Icebreaker/Content/Effects/Textures/Noise/T_TilingNoise11.uasset" 269
"../../../Unreal_Icebreaker/Content/Effects/Textures/Water/T_SplashDisc_A.uasset" 270
"../../../Unreal_Icebreaker/Content/Effects/Materials/Water/M_MeshEmitWater_MASTER.uasset" 271
"../../../Unreal_Icebreaker/Content/Effects/Textures/Water/T_SplashMesh_02_N.uasset" 272
"../../../Unreal_Icebreaker/Content/Effects/Materials/Water/M_OuterSplash_Inst.uasset" 273
"../../../Unreal_Icebreaker/Content/Effects/Textures/Water/T_DropSubUV_A.uasset" 274
"../../../Unreal_Icebreaker/Content/Effects/Textures/Water/T_DropSubUV_N.uasset" 275
"../../../Unreal_Icebreaker/Content/Effects/Materials/Water/M_WaterDrop_SubUV.uasset" 276
"../../../Unreal_Icebreaker/Content/Effects/Textures/Water/T_Droplets_LitShaded_D.uasset" 277
"../../../Unreal_Icebreaker/Content/Effects/Textures/Water/T_Droplets_N.uasset" 278
"../../../Unreal_Icebreaker/Content/Effects/Materials/Water/M_WaterDrop_SubUV_Inst.uasset" 279
"../../../Unreal_Icebreaker/Content/Effects/Textures/Cube/CubeNearFalls.uasset" 280
"../../../Unreal_Icebreaker/Content/Environment/Textures/Wet/T_Environment_Materials_Wet_FluidNormal02.uasset" 281
"../../../Unreal_Icebreaker/Content/Effects/Materials/M_Water_Test_01.uasset" 282
"../../../Unreal_Icebreaker/Content/Effects/Meshes/Water/SM_SplashMesh_02.uasset" 283
"../../../Unreal_Icebreaker/Content/Effects/Particles/Water/P_MeshSplash.uasset" 284
"../../../Unreal_Icebreaker/Content/Effects/Particles/Water/P_MeshSplash_noLights.uasset" 285
"../../../Unreal_Icebreaker/Content/Effects/Materials/Water/M_SplashDisc_Inst.uasset" 286
"../../../Unreal_Icebreaker/Content/Effects/Meshes/Water/SM_SplashDisc.uasset" 287
"../../../Unreal_Icebreaker/Content/Effects/Particles/Water/P_MeshSplash_RippleArea.uasset" 288
"../../../Unreal_Icebreaker/Content/Effects/Particles/Water/P_Mesh_Large_Ripple.uasset" 289
"../../../Engine/Content/Functions/Engine_MaterialFunctions02/Utility/Swizzle.uasset" 290
"../../../Unreal_Icebreaker/Content/Effects/Textures/Water/T_FallingWater_01.uasset" 291
"../../../Unreal_Icebreaker/Content/Effects/Textures/Water/T_FallingWater_01_N.uasset" 292
"../../../Unreal_Icebreaker/Content/Effects/Textures/Water/T_FallingWater_02.uasset" 293
"../../../Unreal_Icebreaker/Content/Effects/Textures/Water/T_FallingWater_02_N.uasset" 294
"../../../Unreal_Icebreaker/Content/Effects/Materials/Water/M_WaterFalls_New.uasset" 295
"../../../Unreal_Icebreaker/Content/Effects/Textures/Water/T_SplashBase_N.uasset" 296
"../../../Unreal_Icebreaker/Content/Effects/Materials/Water/M_SplashBase_Inst.uasset" 297
"../../../Unreal_Icebreaker/Content/Effects/Meshes/Water/SM_SplashBase_01.uasset" 298
"../../../Unreal_Icebreaker/Content/Effects/Particles/Water/P_Splash_Ripples.uasset" 299
"../../../Unreal_Icebreaker/Content/Effects/Materials/Water/Resp_AA/M_WaterDrop_SubUV_NoAA.uasset" 300
"../../../Unreal_Icebreaker/Content/Effects/Particles/Water/P_WaterDrops.uasset" 301
"../../../Unreal_Icebreaker/Content/Effects/Particles/Water/P_WaterDrops_test.uasset" 302
"../../../Unreal_Icebreaker/Content/Effects/Particles/Water/P_WaterFall.uasset" 303
"../../../Unreal_Icebreaker/Content/Effects/Particles/Water/P_WaterFall2.uasset" 304
"../../../Unreal_Icebreaker/Content/Effects/Particles/Water/P_WaterFall_MistCollide.uasset" 305
"../../../Unreal_Icebreaker/Content/Effects/Particles/Water/P_WaterFall_Mist_Light.uasset" 306
"../../../Unreal_Icebreaker/Content/Effects/Particles/Water/P_WaterFall_New.uasset" 307
"../../../Unreal_Icebreaker/Content/Geometry/Meshes/1M_Cube_Chamfer.uasset" 308
"../../../Unreal_Icebreaker/Content/Geometry/Meshes/TemplateFloor.uasset" 309
"../../../Unreal_Icebreaker/Content/Materials/RENAME_ME_15.uasset" 310
"../../../Unreal_Icebreaker/Content/Materials/life_ring_rope_col.uasset" 311
"../../../Unreal_Icebreaker/Content/Materials/life_ring_rope_NRM.uasset" 312
"../../../Unreal_Icebreaker/Content/Materials/rope.uasset" 313
"../../../Unreal_Icebreaker/Content/Textures/Characters/Enemy/Sprinter/sprinter_cloths_col_02.uasset" 314
"../../../Unreal_Icebreaker/Content/Textures/Characters/Enemy/Sprinter/sprinter_cloths_norm_01.uasset" 315
"../../../Unreal_Icebreaker/Content/Textures/Characters/Enemy/Sprinter/sprinter_cloths_spec_01.uasset" 316
"../../../Unreal_Icebreaker/Content/Materials/Characters/Enemy/Sprinter/M_Sprinter_Clothes_02.uasset" 317
"../../../Unreal_Icebreaker/Content/Materials/Generic/Colours/M_Green.uasset" 318
"../../../Unreal_Icebreaker/Content/Materials/Generic/Colours/Yellow.uasset" 319
"../../../Unreal_Icebreaker/Content/Meshes/hallway_and_cabin_set_01.uasset" 320
"../../../Unreal_Icebreaker/Content/Materials/Characters/Enemy/Sprinter/M_Sprinter_Clothes.uasset" 321
"../../../Unreal_Icebreaker/Content/Textures/Characters/Enemy/Sprinter/sprinter_flesh_col_01.uasset" 322
"../../../Unreal_Icebreaker/Content/Textures/Characters/Enemy/Sprinter/sprinter_flesh_norm_01.uasset" 323
"../../../Unreal_Icebreaker/Content/Textures/Characters/Enemy/Sprinter/sprinter_flesh_spec_01.uasset" 324
"../../../Unreal_Icebreaker/Content/Materials/Characters/Enemy/Sprinter/M_Sprinter_Flesh.uasset" 325
"../../../Unreal_Icebreaker/Content/Meshes/Characters/Enemy/SprinterBody.uasset" 326
"../../../Unreal_Icebreaker/Content/Meshes/Grammarphone/record_top_01.uasset" 327
"../../../Unreal_Icebreaker/Content/Meshes/Grammarphone/RENAME_ME_01.uasset" 328
"../../../Unreal_Icebreaker/Content/Meshes/Grammarphone/record_col_01.uasset" 329
"../../../Unreal_Icebreaker/Content/Meshes/Grammarphone/RENAME_ME_02.uasset" 330
"../../../Unreal_Icebreaker/Content/Meshes/Grammarphone/RENAME_ME_04.uasset" 331
"../../../Unreal_Icebreaker/Content/Meshes/Grammarphone/RENAME_ME_05.uasset" 332
"../../../Unreal_Icebreaker/Content/Meshes/Grammarphone/RENAME_ME_06.uasset" 333
"../../../Unreal_Icebreaker/Content/Meshes/Grammarphone/RENAME_ME_07.uasset" 334
"../../../Unreal_Icebreaker/Content/Meshes/Grammarphone/RENAME_ME_09.uasset" 335
"../../../Unreal_Icebreaker/Content/Meshes/Grammarphone/RENAME_ME_10.uasset" 336
"../../../Unreal_Icebreaker/Content/Meshes/Grammarphone/RENAME_ME_11.uasset" 337
"../../../Unreal_Icebreaker/Content/Meshes/Grammarphone/RENAME_ME_14.uasset" 338
"../../../Unreal_Icebreaker/Content/Meshes/Hiding/locker_small_hiding_01.uasset" 339
"../../../Unreal_Icebreaker/Content/Textures/Ship/crew_halway_col_01.uasset" 340
"../../../Unreal_Icebreaker/Content/Textures/Ship/crew_halway_norm_01.uasset" 341
"../../../Unreal_Icebreaker/Content/Materials/Ship/M_CrewHallway_01.uasset" 342
"../../../Unreal_Icebreaker/Content/Meshes/Modular/CrewCorridor/creed_corridor_door_wide_01.uasset" 343
"../../../Unreal_Icebreaker/Content/Meshes/Modular/CrewCorridor/crew_corridor_ceiling_01.uasset" 344
"../../../Unreal_Icebreaker/Content/Meshes/Modular/CrewCorridor/crew_corridor_corner_concave_01.uasset" 345
"../../../Unreal_Icebreaker/Content/Meshes/Modular/CrewCorridor/crew_corridor_corner_concex_01.uasset" 346
"../../../Unreal_Icebreaker/Content/Meshes/Modular/CrewCorridor/crew_corridor_door_01.uasset" 347
"../../../Unreal_Icebreaker/Content/Audio/Water.uasset" 348
"../../../Unreal_Icebreaker/Content/Textures/Ship/crew_halway_floor_col_01.uasset" 349
"../../../Unreal_Icebreaker/Content/Textures/Ship/crew_halway_floor_norm_01.uasset" 350
"../../../Unreal_Icebreaker/Content/Materials/Ship/M_CrewHallwayFloor_01.uasset" 351
"../../../Unreal_Icebreaker/Content/Meshes/Modular/CrewCorridor/crew_corridor_floor_01.uasset" 352
"../../../Unreal_Icebreaker/Content/Meshes/Modular/CrewCorridor/crew_corridor_wall_01.uasset" 353
"../../../Unreal_Icebreaker/Content/Textures/Ship/hull_col_01.uasset" 354
"../../../Unreal_Icebreaker/Content/Materials/Ship/M_Hull_01.uasset" 355
"../../../Unreal_Icebreaker/Content/Meshes/Modular/final_modular_meshes/modular_stair_shaft_01.uasset" 356
"../../../Unreal_Icebreaker/Content/Meshes/Modular/final_modular_meshes/modular_wall_straight_main_01.uasset" 357
"../../../Unreal_Icebreaker/Content/Textures/FromTexturesCom/TexturesCom_Medieval_Metal_alb.uasset" 358
"../../../Unreal_Icebreaker/Content/Textures/FromTexturesCom/TexturesCom_Medieval_Metal_metal.uasset" 359
"../../../Unreal_Icebreaker/Content/Textures/FromTexturesCom/TexturesCom_Medieval_Metal_nrm.uasset" 360
"../../../Unreal_Icebreaker/Content/Textures/FromTexturesCom/TexturesCom_Medieval_Metal_rough.uasset" 361
"../../../Unreal_Icebreaker/Content/Materials/Generic/M_Metal.uasset" 362
"../../../Unreal_Icebreaker/Content/Meshes/Placeholder/placeholder_WheelPuzzle_ceilingPiece.uasset" 363
"../../../Unreal_Icebreaker/Content/Meshes/Placeholder/placeholder_WheelPuzzle_floorPiece.uasset" 364
"../../../Unreal_Icebreaker/Content/Meshes/ship/ship_bridge_rear_hallway_01.uasset" 365
"../../../Unreal_Icebreaker/Content/Materials/Generic/Colours/M_White.uasset" 366
"../../../Unreal_Icebreaker/Content/Meshes/Snow/snow_02.uasset" 367
"../../../Unreal_Icebreaker/Content/Meshes/Snow/snow_03.uasset" 368
"../../../Unreal_Icebreaker/Content/Meshes/Snow/snow_04.uasset" 369
"../../../Unreal_Icebreaker/Content/Meshes/Snow/snow_05.uasset" 370
"../../../Unreal_Icebreaker/Content/Meshes/Snow/snow_06.uasset" 371
"../../../Unreal_Icebreaker/Content/Meshes/Snow/snow_07.uasset" 372
"../../../Unreal_Icebreaker/Content/Meshes/Wheel/steering_wheel_01.uasset" 373
"../../../Engine/Content/Functions/Engine_MaterialFunctions01/Gradient/RadialGradientExponential.uasset" 374
"../../../Unreal_Icebreaker/Content/Textures/breath_01.uasset" 375
"../../../Unreal_Icebreaker/Content/Materials/Breath.uasset" 376
"../../../Unreal_Icebreaker/Content/ParticleSystems/Breathing.uasset" 377
"../../../Unreal_Icebreaker/Content/Materials/M_P_Snow.uasset" 378
"../../../Unreal_Icebreaker/Content/ParticleSystems/P_Blizzard.uasset" 379
"../../../Unreal_Icebreaker/Content/Textures/life_ring_red_col.uasset" 380
"../../../Unreal_Icebreaker/Content/Textures/life_ring_rope_col.uasset" 381
"../../../Unreal_Icebreaker/Content/Textures/life_ring_rope_NRM.uasset" 382
"../../../Unreal_Icebreaker/Content/Textures/life_ring_rope_SPEC.uasset" 383
"../../../Unreal_Icebreaker/Content/Textures/life_ring_white_col.uasset" 384
"../../../Unreal_Icebreaker/Content/Textures/reticle.uasset" 385
"../../../Unreal_Icebreaker/Content/Textures/Snow_Cutout.uasset" 386
"../../../Unreal_Icebreaker/Content/Textures/watch_hands.uasset" 387
"../../../Unreal_Icebreaker/Content/Textures/GUI/Watch/Concept/watch_gui_pttp_cog.uasset" 388
"../../../Unreal_Icebreaker/Content/Textures/GUI/Watch/Concept/watch_gui_pttp_playbutton.uasset" 389
"../../../Unreal_Icebreaker/Content/Textures/GUI/Watch/Concept/watch_gui_pttp_textbox.uasset" 390
"../../../Unreal_Icebreaker/Content/WaterPlane/Ocean/Materials/FakedCaustics.uasset" 391
"../../../Unreal_Icebreaker/Content/WaterPlane/Ocean/Textures/T_MicroWaves_N.uasset" 392
"../../../Unreal_Icebreaker/Content/WaterPlane/Ocean/Textures/T_OceanFoam_01.uasset" 393
"../../../Engine/Content/EditorResources/LightIcons/S_LightError.uasset" 394
"../../../Engine/Content/EditorResources/EmptyActor.uasset" 395
"../../../Engine/Content/BasicShapes/Cone.uasset" 396
"../../../Engine/Content/BasicShapes/Cylinder.uasset" 397
"../../../Engine/Content/BasicShapes/Sphere.uasset" 398
"../../../Engine/Content/EditorMaterials/PreviewShadowIndicator.uasset" 399
"../../../Engine/Content/EditorMaterials/PreviewShadowIndicatorMaterial.uasset" 400
"../../../Engine/Content/EditorMeshes/ColorCalibrator/M_ChromeBall.uasset" 401
"../../../Engine/Content/EditorMeshes/ColorCalibrator/M_ClearCoat.uasset" 402
"../../../Engine/Content/EditorMeshes/ColorCalibrator/M_ClearCoatBlack.uasset" 403
"../../../Engine/Content/EditorMeshes/ColorCalibrator/T_ColorGrid.uasset" 404
"../../../Engine/Content/EditorMeshes/ColorCalibrator/M_ColorGrid.uasset" 405
"../../../Engine/Content/EditorMeshes/ColorCalibrator/M_GreyBall.uasset" 406
"../../../Engine/Content/EditorMeshes/ColorCalibrator/SM_ColorCalibrator.uasset" 407
"../../../Engine/Content/EditorResources/BSPVertex.uasset" 408
"../../../Engine/Content/EngineDebugMaterials/HeatmapGradient.uasset" 409
"../../../Engine/Content/EngineDebugMaterials/BoneWeightMaterial.uasset" 410
"../../../Engine/Content/EngineDebugMaterials/GeomMaterial.uasset" 411
"../../../Engine/Content/EngineMaterials/EditorBrushMaterial.uasset" 412
"../../../Engine/Content/EngineMeshes/Cube.uasset" 413
"../../../Engine/Content/MobileResources/T_MobileControls_texture.uasset" 414
"../../../Engine/Content/MobileResources/HUD/AnalogHat.uasset" 415
"../../../Engine/Content/MobileResources/HUD/VirtualJoystick_Background.uasset" 416
"../../../Engine/Content/MobileResources/HUD/VirtualJoystick_Thumb.uasset" 417
"../../../Engine/Content/MobileResources/HUD/DefaultVirtualJoysticks.uasset" 418
"../../../Engine/Content/MobileResources/HUD/LeftVirtualJoystickOnly.uasset" 419
"../../../Engine/Content/MobileResources/HUD/MobileHUDButton1_off.uasset" 420
"../../../Engine/Content/MobileResources/HUD/MobileHUDButton1_on.uasset" 421
"../../../Engine/Content/MobileResources/HUD/MobileHUDButton2_off.uasset" 422
"../../../Engine/Content/MobileResources/HUD/MobileHUDButton2_on.uasset" 423
"../../../Engine/Content/MobileResources/HUD/MobileHUDButton3.uasset" 424
"../../../Engine/Content/MobileResources/HUD/MobileHUDButtonFire.uasset" 425
"../../../Engine/Content/MobileResources/HUD/MobileHUDDirectionPad.uasset" 426
"../../../Engine/Content/MobileResources/HUD/MobileHUDDirectionPad2.uasset" 427
"../../../Engine/Content/MobileResources/HUD/MobileHUDDirectionPad3.uasset" 428
"../../../Engine/Content/MobileResources/HUD/T_Castle_ThumbstickInner.uasset" 429
"../../../Engine/Content/Tutorial/BlueprintTutorials/TutorialAssets/BlueprintInterface_64x.uasset" 430
"../../../Engine/Content/Tutorial/BlueprintTutorials/TutorialAssets/BlueprintMacroLibrary_64x.uasset" 431
"../../../Engine/Content/Tutorial/BlueprintTutorials/TutorialAssets/Tutorial_BP_Interface.uasset" 432
"../../../Engine/Content/Tutorial/Foliage/TutorialAssets/Foliage.uasset" 433
"../../../Engine/Content/Tutorial/Landscape/TutorialAssets/Landscape.uasset" 434
"../../../Engine/Content/Tutorial/Paper2D/TutorialAssets/Paper2DFlipbook_TutorialIcon.uasset" 435
"../../../Engine/Content/Tutorial/Paper2D/TutorialAssets/Paper2DSprite_TutorialIcon.uasset" 436
"../../../Engine/Content/Tutorial/SubEditors/TutorialAssets/icon_Editor_Preferences_General_40x.uasset" 437
"../../../Engine/Content/Tutorial/SubEditors/TutorialAssets/icon_ShowSkeletalMeshes_40x.uasset" 438
"../../../Engine/Content/Tutorial/SubEditors/TutorialAssets/TutorialMaterial.uasset" 439
"../../../Engine/Content/Tutorial/SubEditors/TutorialAssets/T_SmokeSubUV_8X8.uasset" 440
"../../../Engine/Content/Tutorial/SubEditors/TutorialAssets/T_soft_smoke.uasset" 441
"../../../Engine/Content/Tutorial/SubEditors/TutorialAssets/M_smoke_subUV_blackbody.uasset" 442
"../../../Engine/Content/Tutorial/SubEditors/TutorialAssets/TutorialParticleSystem.uasset" 443
"../../../Engine/Content/EditorMeshes/EditorCube.uasset" 444
"../../../Engine/Content/Tutorial/SubEditors/TutorialAssets/Tutorial_DM.uasset" 445
"../../../Unreal_Icebreaker/Content/Animations/SprinterWalk.uasset" 446
"../../../Unreal_Icebreaker/Content/Blueprints/DataTypes/Structs/SprinterAnimStruct.uasset" 447
"../../../Unreal_Icebreaker/Content/Blueprints/DataTypes/Enums/E_SprinterAnimState.uasset" 448
"../../../Unreal_Icebreaker/Content/Animations/AnimBP_Sprinter.uasset" 449
"../../../Engine/Content/EditorMaterials/TargetIcon.uasset" 450
"../../../Unreal_Icebreaker/Content/Blueprints/AI/Navigation/PathNode.uasset" 451
"../../../Unreal_Icebreaker/Content/Blueprints/AI/Sprinter/BB_AISprinter.uasset" 452
"../../../Unreal_Icebreaker/Content/Blueprints/AI/Sprinter/BTT_FindNextPathNode.uasset" 453
"../../../Unreal_Icebreaker/Content/Audio/AttenuationSettings/SprinterSoundAttenuation.uasset" 454
"../../../Unreal_Icebreaker/Content/Audio/Sprinter/Sprinter_Alert.uasset" 455
"../../../Unreal_Icebreaker/Content/Blueprints/AI/Sprinter/BTT_PlayAlertSound.uasset" 456
"../../../Unreal_Icebreaker/Content/Blueprints/AI/Sprinter/BT_AISprinter.uasset" 457
"../../../Unreal_Icebreaker/Content/Blueprints/AI/Sprinter/AICont_Sprinter.uasset" 458
"../../../Unreal_Icebreaker/Content/Audio/Sprinter/Sprinter_idle_01.uasset" 459
"../../../Unreal_Icebreaker/Content/Textures/Characters/Enemy/Sprinter/eye.uasset" 460
"../../../Unreal_Icebreaker/Content/Textures/Characters/Enemy/Sprinter/eye2.uasset" 461
"../../../Unreal_Icebreaker/Content/Textures/Characters/Enemy/Sprinter/eye3.uasset" 462
"../../../Unreal_Icebreaker/Content/Materials/Characters/Enemy/Sprinter/M_Sprinter_Eyes.uasset" 463
"../../../Unreal_Icebreaker/Content/Meshes/Characters/Enemy/Sprinter_PhysicsAsset.uasset" 464
"../../../Unreal_Icebreaker/Content/Meshes/Characters/Enemy/Sprinter.uasset" 465
"../../../Unreal_Icebreaker/Content/Blueprints/AI/Sprinter/B_AISprinter.uasset" 466
"../../../Unreal_Icebreaker/Content/Blueprints/Interactable/Hiding/B_HidingPlace.uasset" 467
"../../../Unreal_Icebreaker/Content/Unsorted/LerpAlpha_0_to_1.uasset" 468
"../../../Unreal_Icebreaker/Content/Unsorted/LerpAlpha_0_to_half.uasset" 469
"../../../Unreal_Icebreaker/Content/Audio/SoundEffects/open_interior_wood_door_with_squeak.uasset" 470
"../../../Unreal_Icebreaker/Content/Unsorted/locker_col_01.uasset" 471
"../../../Unreal_Icebreaker/Content/Unsorted/locker_spec_01.uasset" 472
"../../../Unreal_Icebreaker/Content/Materials/M_Locker.uasset" 473
"../../../Unreal_Icebreaker/Content/Meshes/Hiding/locker_hiding_01.uasset" 474
"../../../Unreal_Icebreaker/Content/Meshes/Hiding/locker_hiding_01_door.uasset" 475
"../../../Unreal_Icebreaker/Content/Blueprints/Interactable/Hiding/B_HidingLocker.uasset" 476
"../../../Unreal_Icebreaker/Content/Blueprints/Lights/B_TriggerableLight.uasset" 477
"../../../Unreal_Icebreaker/Content/Blueprints/LockedDoors/B_LockedDoor.uasset" 478
"../../../Unreal_Icebreaker/Content/Audio/AttenuationSettings/3DAttenuation.uasset" 479
"../../../Unreal_Icebreaker/Content/Audio/SoundEffects/Basketball_Buzzer.uasset" 480
"../../../Unreal_Icebreaker/Content/Materials/Generic/Colours/M_Black.uasset" 481
"../../../Unreal_Icebreaker/Content/Unsorted/Intercom_wood_col_01.uasset" 482
"../../../Unreal_Icebreaker/Content/Materials/M_intercom_wood.uasset" 483
"../../../Unreal_Icebreaker/Content/Meshes/Intercom/intercom.uasset" 484
"../../../Unreal_Icebreaker/Content/Blueprints/Interactable/B_Intercom.uasset" 485
"../../../Unreal_Icebreaker/Content/Meshes/Placeholder/placeholder_WheelPuzzle_lever.uasset" 486
"../../../Unreal_Icebreaker/Content/Blueprints/Interactable/B_Lever.uasset" 487
"../../../Unreal_Icebreaker/Content/Audio/SoundEffects/Door/wood_door_creaking_open.uasset" 488
"../../../Unreal_Icebreaker/Content/Textures/FromTexturesCom/WoodPlanksOld0072_4_S_alb.uasset" 489
"../../../Unreal_Icebreaker/Content/Textures/FromTexturesCom/WoodPlanksOld0072_4_S_nrm.uasset" 490
"../../../Unreal_Icebreaker/Content/Textures/FromTexturesCom/WoodPlanksOld0072_4_S_spec.uasset" 491
"../../../Unreal_Icebreaker/Content/Materials/Generic/M_Wood.uasset" 492
"../../../Unreal_Icebreaker/Content/Meshes/Placeholder/placeholder_Door.uasset" 493
"../../../Unreal_Icebreaker/Content/Blueprints/Interactable/I_DoorStiff.uasset" 494
"../../../Unreal_Icebreaker/Content/Audio/SoundEffects/light/light_flicker_01.uasset" 495
"../../../Unreal_Icebreaker/Content/Blueprints/Lights/FlickerLight.uasset" 496
"../../../Unreal_Icebreaker/Content/Blueprints/LockedDoors/B_LockedDoor_Default.uasset" 497
"../../../Unreal_Icebreaker/Content/Blueprints/DataTypes/Enums/ModularLayout.uasset" 498
"../../../Unreal_Icebreaker/Content/Meshes/Modular/Placeholder/pttp_modular_ceiling_01.uasset" 499
"../../../Unreal_Icebreaker/Content/Meshes/Modular/Placeholder/pttp_modular_corner_inside_01.uasset" 500
"../../../Unreal_Icebreaker/Content/Meshes/Modular/Placeholder/pttp_modular_corner_outside_01.uasset" 501
"../../../Unreal_Icebreaker/Content/Meshes/Modular/Placeholder/pttp_modular_floor_01.uasset" 502
"../../../Unreal_Icebreaker/Content/Meshes/Modular/Placeholder/pttp_modular_wall_01.uasset" 503
"../../../Unreal_Icebreaker/Content/Blueprints/Modular/B_ModularTileset.uasset" 504
"../../../Unreal_Icebreaker/Content/Textures/Ship/deck_col_01.uasset" 505
"../../../Unreal_Icebreaker/Content/Textures/Ship/deck_norm_01.uasset" 506
"../../../Unreal_Icebreaker/Content/Materials/Ship/M_Deck_01.uasset" 507
"../../../Unreal_Icebreaker/Content/Meshes/Modular/Debug/modular_tileset_debug_floor.uasset" 508
"../../../Unreal_Icebreaker/Content/Meshes/Modular/final_modular_meshes/modular_ceiling_main_01.uasset" 509
"../../../Unreal_Icebreaker/Content/Meshes/Modular/final_modular_meshes/modular_door_main_01.uasset" 510
"../../../Unreal_Icebreaker/Content/Meshes/Modular/final_modular_meshes/modular_floor_01.uasset" 511
"../../../Unreal_Icebreaker/Content/Meshes/Modular/final_modular_meshes/modular_wal_straight_main_03.uasset" 512
"../../../Unreal_Icebreaker/Content/Meshes/Modular/final_modular_meshes/modular_wall_concave_main_01.uasset" 513
"../../../Unreal_Icebreaker/Content/Meshes/Modular/final_modular_meshes/modular_wall_convex_main_01.uasset" 514
"../../../Unreal_Icebreaker/Content/Blueprints/Modular/B_Modular_Crew.uasset" 515
"../../../Unreal_Icebreaker/Content/Blueprints/Puzzles/BilgePump/B_BilgePumpPart.uasset" 516
"../../../Unreal_Icebreaker/Content/Textures/BilgePumpPuzzlePiecesTextures/lever_col_01.uasset" 517
"../../../Unreal_Icebreaker/Content/Materials/pumpPuzzlePieces/M_Lever.uasset" 518
"../../../Unreal_Icebreaker/Content/Meshes/bilgePumpPuzzlePieces/puzzle_lever_01.uasset" 519
"../../../Unreal_Icebreaker/Content/Blueprints/Puzzles/BilgePump/B_BilgePart_Blue.uasset" 520
"../../../Unreal_Icebreaker/Content/Textures/BilgePumpPuzzlePiecesTextures/pipe_col_01.uasset" 521
"../../../Unreal_Icebreaker/Content/Textures/BilgePumpPuzzlePiecesTextures/pipe_norm_01.uasset" 522
"../../../Unreal_Icebreaker/Content/Materials/pumpPuzzlePieces/M_Pipes.uasset" 523
"../../../Unreal_Icebreaker/Content/Meshes/bilgePumpPuzzlePieces/puzzle_pipes_01.uasset" 524
"../../../Unreal_Icebreaker/Content/Blueprints/Puzzles/BilgePump/B_BilgePart_Green.uasset" 525
"../../../Unreal_Icebreaker/Content/Textures/BilgePumpPuzzlePiecesTextures/valve_col_01.uasset" 526
"../../../Unreal_Icebreaker/Content/Textures/BilgePumpPuzzlePiecesTextures/valve_norm_01.uasset" 527
"../../../Unreal_Icebreaker/Content/Materials/pumpPuzzlePieces/M_Valve.uasset" 528
"../../../Unreal_Icebreaker/Content/Meshes/bilgePumpPuzzlePieces/puzzle_valve_01.uasset" 529
"../../../Unreal_Icebreaker/Content/Blueprints/Puzzles/BilgePump/B_BilgePart_Red.uasset" 530
"../../../Unreal_Icebreaker/Content/Textures/Pump/pump_base_col_01.uasset" 531
"../../../Unreal_Icebreaker/Content/Textures/Pump/pump_base_norm_01.uasset" 532
"../../../Unreal_Icebreaker/Content/Materials/Pump/M_BilgePump.uasset" 533
"../../../Engine/Content/EditorMaterials/Cascade/CASC_Cross.uasset" 534
"../../../Engine/Content/EditorMaterials/Cascade/CASC_None.uasset" 535
"../../../Engine/Content/Functions/Engine_MaterialFunctions03/Blends/Blend_Overlay.uasset" 536
"../../../Unreal_Icebreaker/Content/Materials/pumpPuzzlePieces/M_Lever_Ghost.uasset" 537
"../../../Unreal_Icebreaker/Content/Materials/pumpPuzzlePieces/M_Pipes_Ghost.uasset" 538
"../../../Engine/Content/Functions/Engine_MaterialFunctions03/Blends/Blend_HardLight.uasset" 539
"../../../Unreal_Icebreaker/Content/Materials/pumpPuzzlePieces/M_Valve_Ghost.uasset" 540
"../../../Unreal_Icebreaker/Content/Blueprints/Puzzles/BilgePump/E_BilgePumpProgression.uasset" 541
"../../../Unreal_Icebreaker/Content/Meshes/Pump/pump_base_01.uasset" 542
"../../../Unreal_Icebreaker/Content/Blueprints/Puzzles/BilgePump/B_BilgePump.uasset" 543
"../../../Unreal_Icebreaker/Content/Audio/AudioLogs/Placeholder/SecondLevel/birch.uasset" 544
"../../../Unreal_Icebreaker/Content/Audio/AudioLogs/Placeholder/SecondLevel/Cap.uasset" 545
"../../../Unreal_Icebreaker/Content/Audio/AudioLogs/Placeholder/SecondLevel/instruction_bilge.uasset" 546
"../../../Unreal_Icebreaker/Content/Audio/AudioLogs/Placeholder/SecondLevel/Instructions.uasset" 547
"../../../Unreal_Icebreaker/Content/Textures/Icicle_col.uasset" 548
"../../../Unreal_Icebreaker/Content/Textures/Icicle_opc.uasset" 549
"../../../Unreal_Icebreaker/Content/Materials/M_Icicles.uasset" 550
"../../../Unreal_Icebreaker/Content/Materials/life_ring_red_col.uasset" 551
"../../../Unreal_Icebreaker/Content/Materials/M_LifeRing.uasset" 552
"../../../Unreal_Icebreaker/Content/Materials/life_ring_rope_SPEC.uasset" 553
"../../../Unreal_Icebreaker/Content/Materials/M_LifeRing_Rope.uasset" 554
"../../../Unreal_Icebreaker/Content/Audio/Backround/Insidious.uasset" 555
"../../../Unreal_Icebreaker/Content/Audio/SoundEffects/Ambient_String_6.uasset" 556
"../../../Unreal_Icebreaker/Content/Audio/SoundEffects/Enginerumble_Looping.uasset" 557
"../../../Unreal_Icebreaker/Content/Audio/SoundEffects/Submarine_Creaking.uasset" 558
"../../../Unreal_Icebreaker/Content/Effects/Particles/Water/P_Drips_Splash_Ripples.uasset" 559
"../../../Unreal_Icebreaker/Content/Textures/chair_col.uasset" 560
"../../../Unreal_Icebreaker/Content/Materials/M_Chair.uasset" 561
"../../../Unreal_Icebreaker/Content/Meshes/Chair/Chair_clutter_01.uasset" 562
"../../../Unreal_Icebreaker/Content/Textures/toolbox_col.uasset" 563
"../../../Unreal_Icebreaker/Content/Materials/M_Toolbox.uasset" 564
"../../../Unreal_Icebreaker/Content/Meshes/coffee_can_01.uasset" 565
"../../../Unreal_Icebreaker/Content/Meshes/console_hiding_01.uasset" 566
"../../../Unreal_Icebreaker/Content/Meshes/cup_01.uasset" 567
"../../../Unreal_Icebreaker/Content/Textures/desk_col.uasset" 568
"../../../Unreal_Icebreaker/Content/Materials/M_Desk.uasset" 569
"../../../Unreal_Icebreaker/Content/Meshes/Desk/Desk_clutter_01.uasset" 570
"../../../Unreal_Icebreaker/Content/Unsorted/crate_col_02.uasset" 571
"../../../Unreal_Icebreaker/Content/Materials/M_Crate_details.uasset" 572
"../../../Unreal_Icebreaker/Content/Unsorted/crate_col_01.uasset" 573
"../../../Unreal_Icebreaker/Content/Unsorted/crate_norm_01.uasset" 574
"../../../Unreal_Icebreaker/Content/Materials/M_Crate_Wood.uasset" 575
"../../../Unreal_Icebreaker/Content/Meshes/Hiding/crate_hiding_01.uasset" 576
"../../../Unreal_Icebreaker/Content/Meshes/icicles_01.uasset" 577
"../../../Unreal_Icebreaker/Content/Meshes/icicles_02.uasset" 578
"../../../Unreal_Icebreaker/Content/Meshes/Life_ring_01.uasset" 579
"../../../Unreal_Icebreaker/Content/Textures/map_clutter_col.uasset" 580
"../../../Unreal_Icebreaker/Content/Materials/M_Level2Map.uasset" 581
"../../../Unreal_Icebreaker/Content/Meshes/map/map_navigation_01.uasset" 582
"../../../Unreal_Icebreaker/Content/Materials/Generic/Colours/M_Red.uasset" 583
"../../../Unreal_Icebreaker/Content/Meshes/map_cross_01.uasset" 584
"../../../Unreal_Icebreaker/Content/Meshes/Pipes/pipe_set_straight_unmovable__01.uasset" 585
"../../../Unreal_Icebreaker/Content/Meshes/Pipes/pipe_set_tjunction_01.uasset" 586
"../../../Unreal_Icebreaker/Content/Meshes/Pipes/pipe_set_turn_01.uasset" 587
"../../../Unreal_Icebreaker/Content/Meshes/sink_01.uasset" 588
"../../../Unreal_Icebreaker/Content/Meshes/steel_pipes_large_01.uasset" 589
"../../../Unreal_Icebreaker/Content/Meshes/steel_pipes_small_01.uasset" 590
"../../../Unreal_Icebreaker/Content/Meshes/steering_vents_01.uasset" 591
"../../../Unreal_Icebreaker/Content/Meshes/Stepladder_01.uasset" 592
"../../../Unreal_Icebreaker/Content/Meshes/Stool_clutter_01.uasset" 593
"../../../Unreal_Icebreaker/Content/Meshes/tool_clutter_01.uasset" 594
"../../../Unreal_Icebreaker/Content/Meshes/tool_clutter_02.uasset" 595
"../../../Unreal_Icebreaker/Content/Meshes/tool_clutter_03.uasset" 596
"../../../Unreal_Icebreaker/Content/Meshes/toolbox_clutter_01.uasset" 597
"../../../Unreal_Icebreaker/Content/Levels/ShipFloors/Floor_2.umap" 598
"../../../Engine/Content/EngineSky/C_Sky_Cloud_Color.uasset" 599
"../../../Engine/Content/EngineSky/C_Sky_Horizon_Color.uasset" 600
"../../../Engine/Content/EngineSky/C_Sky_Zenith_Color.uasset" 601
"../../../Engine/Content/EngineSky/T_Sky_Blue.uasset" 602
"../../../Engine/Content/EngineSky/T_Sky_Clouds_M.uasset" 603
"../../../Engine/Content/EngineSky/T_Sky_Stars.uasset" 604
"../../../Engine/Content/EngineSky/M_Sky_Panning_Clouds2.uasset" 605
"../../../Engine/Content/EngineSky/SM_SkySphere.uasset" 606
"../../../Engine/Content/EngineSky/BP_Sky_Sphere.uasset" 607
"../../../Engine/Content/Functions/Engine_MaterialFunctions03/ComplexMotion/Motion_4WayChaos.uasset" 608
"../../../Engine/Content/Engine_MI_Shaders/T_Base_Tile_Normal.uasset" 609
"../../../Engine/Content/Functions/Engine_MaterialFunctions03/ComplexMotion/Motion_4WayChaos_Normal.uasset" 610
"../../../Engine/Content/MapTemplates/Sky/DaylightAmbientCubemap.uasset" 611
"../../../Unreal_Icebreaker/Content/WaterPlane/Lake/Textures/T_SmallWaves_N.uasset" 612
"../../../Unreal_Icebreaker/Content/WaterPlane/Ocean/Materials/OceanWater_SS.uasset" 613
"../../../Unreal_Icebreaker/Content/WaterPlane/Ocean/Textures/T_LargeWaves_H.uasset" 614
"../../../Unreal_Icebreaker/Content/WaterPlane/Ocean/Textures/T_LargeWaves_N.uasset" 615
"../../../Unreal_Icebreaker/Content/WaterPlane/Ocean/Textures/T_Seafoam_01.uasset" 616
"../../../Unreal_Icebreaker/Content/WaterPlane/Ocean/Materials/M_OceanWater_1.uasset" 617
"../../../Engine/Content/MapTemplates/Sky/Desert_Outer_HDR.uasset" 618
"../../../Unreal_Icebreaker/Content/WaterPlane/Ocean/Materials/M_OceanWater_1_Inst.uasset" 619
"../../../Unreal_Icebreaker/Content/WaterPlane/Meshes/SM_OceanWater.uasset" 620
"../../../Unreal_Icebreaker/Content/WaterPlane/Ocean/Blueprint/BP_OceanWater.uasset" 621
"../../../Engine/Content/Functions/Engine_MaterialFunctions02/Utility/BlendAngleCorrectedNormals.uasset" 622
"../../../Unreal_Icebreaker/Content/WaterPlane/Environment/Textures/T_Detail_Rocky_N.uasset" 623
"../../../Unreal_Icebreaker/Content/WaterPlane/Environment/Textures/T_Rock_Basalt_D.uasset" 624
"../../../Unreal_Icebreaker/Content/WaterPlane/Environment/Textures/T_RockMesh_M.uasset" 625
"../../../Unreal_Icebreaker/Content/WaterPlane/Environment/Textures/T_RockMesh_N.uasset" 626
"../../../Unreal_Icebreaker/Content/WaterPlane/Environment/Props/Materials/M_Rock.uasset" 627
"../../../Unreal_Icebreaker/Content/WaterPlane/Environment/Props/SM_Rock.uasset" 628
"../../../Unreal_Icebreaker/Content/WaterPlane/Maps/OceanWater_Example.umap" 629
"../../../Unreal_Icebreaker/Content/Meshes/Modular/Debug/modular_tileset_debug_ceiling.uasset" 630
"../../../Unreal_Icebreaker/Content/Meshes/Modular/Debug/modular_tileset_debug_corner_concave.uasset" 631
"../../../Unreal_Icebreaker/Content/Meshes/Modular/Debug/modular_tileset_debug_corner_convex.uasset" 632
"../../../Unreal_Icebreaker/Content/Meshes/Modular/Debug/modular_tileset_debug_door.uasset" 633
"../../../Unreal_Icebreaker/Content/Meshes/Modular/Debug/modular_tileset_debug_wall.uasset" 634
"../../../Unreal_Icebreaker/Content/Levels/ShipFloors/DeadLevel.umap" 635
"../../../Unreal_Icebreaker/Content/Meshes/Pipes/pipe_set_straight_01.uasset" 636
"../../../Unreal_Icebreaker/Content/Levels/ShipFloors/Finale.umap" 637
"../../../Engine/Content/Maps/Entry.umap" 638
"../../../Engine/Content/EngineFonts/DroidSansMono.uasset" 639
"../../../Engine/Content/Sequencer/DefaultBurnInOptions.uasset" 640
"../../../Unreal_Icebreaker/Content/Blueprints/LevelSpecific/I_DoorStiff_Level1_closeLock.uasset" 641
"../../../Unreal_Icebreaker/Content/Blueprints/Utility/cameraShake.uasset" 642
"../../../Unreal_Icebreaker/Content/Blueprints/Utility/camShakeCine.uasset" 643
"../../../Unreal_Icebreaker/Content/Audio/AudioLogs/Placeholder/Menu/Log_SecureCargo.uasset" 644
"../../../Unreal_Icebreaker/Content/Audio/AudioLogs/Placeholder/FirstLevel/FirstIntercom.uasset" 645
"../../../Unreal_Icebreaker/Content/Audio/AudioLogs/Placeholder/Menu/Log_ElevatorDissabled.uasset" 646
"../../../Unreal_Icebreaker/Content/Audio/AudioLogs/Placeholder/FirstLevel/SecondIntercom.uasset" 647
"../../../Unreal_Icebreaker/Content/Audio/AudioLogs/Placeholder/prologue/Heyyougetinhere_Raws.uasset" 648
"../../../Unreal_Icebreaker/Content/Audio/AudioLogs/Placeholder/prologue/ptpp_watchaudio_prologue_6.uasset" 649
"../../../Unreal_Icebreaker/Content/Audio/AudioLogs/Placeholder/prologue/ptpp_watchaudio_prologue_8.uasset" 650
"../../../Unreal_Icebreaker/Content/Audio/AudioLogs/Placeholder/prologue/ptpp_watchaudio_prologue_9.uasset" 651
"../../../Unreal_Icebreaker/Content/Audio/SoundEffects/Explosion+5.uasset" 652
"../../../Unreal_Icebreaker/Content/Levels/ShipFloors/Floor_1.umap" 653
"../../../Unreal_Icebreaker/Content/Audio/Songs/Muggsy_Spanier_--I_Wish_I_Could_Shimmy_Like_My_Sis.uasset" 654
"../../../Unreal_Icebreaker/Content/Materials/Generic/M_Shiny.uasset" 655
"../../../Unreal_Icebreaker/Content/Meshes/Grammarphone/recor_box_col_01.uasset" 656
"../../../Unreal_Icebreaker/Content/Meshes/Grammarphone/RENAME_ME_03.uasset" 657
"../../../Unreal_Icebreaker/Content/Meshes/Grammarphone/record_trumpet.uasset" 658
"../../../Unreal_Icebreaker/Content/Meshes/Grammarphone/textures/Brass_met_01.uasset" 659
"../../../Unreal_Icebreaker/Content/Meshes/Grammarphone/textures/brass_norm_01.uasset" 660
"../../../Unreal_Icebreaker/Content/Meshes/Grammarphone/textures/roughness_brass_01.uasset" 661
"../../../Unreal_Icebreaker/Content/Meshes/Grammarphone/RENAME_ME_08.uasset" 662
"../../../Unreal_Icebreaker/Content/Meshes/Grammarphone/record_black_col_01.uasset" 663
"../../../Unreal_Icebreaker/Content/Meshes/Grammarphone/RENAME_ME_12.uasset" 664
"../../../Unreal_Icebreaker/Content/Meshes/Grammarphone/grammaphone_01.uasset" 665
"../../../Unreal_Icebreaker/Content/Blueprints/LevelSpecific/Menu/B_MenuGrammophone.uasset" 666
"../../../Unreal_Icebreaker/Content/Audio/AudioLogs/Placeholder/tutorialdialogue/narrator.uasset" 667
"../../../Unreal_Icebreaker/Content/Audio/AudioLogs/Placeholder/tutorialdialogue/Player.uasset" 668
"../../../Unreal_Icebreaker/Content/Audio/AudioLogs/Placeholder/Menu/birch_report_to_the_bridge.uasset" 669
"../../../Unreal_Icebreaker/Content/Audio/AudioLogs/Placeholder/tutorialdialogue/BirchReport.uasset" 670
"../../../Unreal_Icebreaker/Content/Audio/AudioLogs/Placeholder/tutorialdialogue/tutorial1.uasset" 671
"../../../Unreal_Icebreaker/Content/Audio/SoundEffects/Ambient_String_1.uasset" 672
"../../../Unreal_Icebreaker/Content/Audio/AudioLogs/Placeholder/tutorialdialogue/tutorial2.uasset" 673
"../../../Unreal_Icebreaker/Content/Audio/SoundEffects/Ambient_String_3.uasset" 674
"../../../Unreal_Icebreaker/Content/Audio/AudioLogs/Placeholder/tutorialdialogue/tutorial3.uasset" 675
"../../../Unreal_Icebreaker/Content/Materials/Generic/Colours/m_Grey.uasset" 676
"../../../Unreal_Icebreaker/Content/Audio/AttenuationSettings/RecordAttenuation.uasset" 677
"../../../Unreal_Icebreaker/Content/Materials/Generic/Colours/M_Blue.uasset" 678
"../../../Unreal_Icebreaker/Content/Meshes/pillow_and_bedl_01.uasset" 679
"../../../Unreal_Icebreaker/Content/Meshes/recordPlay/record_col_02.uasset" 680
"../../../Unreal_Icebreaker/Content/Textures/Grammophone/recordNOrm2.uasset" 681
"../../../Unreal_Icebreaker/Content/Meshes/recordPlay/FECKING_MATERIALS.uasset" 682
"../../../Unreal_Icebreaker/Content/Meshes/recordPlay/record_black_col_01.uasset" 683
"../../../Unreal_Icebreaker/Content/Meshes/recordPlay/NAME_YOUR.uasset" 684
"../../../Unreal_Icebreaker/Content/Meshes/recordPlay/record_play_01.uasset" 685
"../../../Unreal_Icebreaker/Content/Levels/ShipFloors/Menu.umap" 686
"../../../Unreal_Icebreaker/Content/Blueprints/Utility/B_SkySphere.uasset" 687
"../../../Unreal_Icebreaker/Content/Audio/AudioLogs/Placeholder/prologue/ptpp_watchaudio_prologue_4.uasset" 688
"../../../Unreal_Icebreaker/Content/Audio/AudioLogs/Placeholder/ship/Ship1.uasset" 689
"../../../Unreal_Icebreaker/Content/Materials/M_ClipBrush.uasset" 690
"../../../Unreal_Icebreaker/Content/Textures/Ship/bridge_exterior_col_01.uasset" 691
"../../../Unreal_Icebreaker/Content/Materials/Ship/M_BridgeExt_01.uasset" 692
"../../../Unreal_Icebreaker/Content/Textures/Ship/grate_alpha_01.uasset" 693
"../../../Unreal_Icebreaker/Content/Textures/Ship/grate_col_alpha.uasset" 694
"../../../Unreal_Icebreaker/Content/Materials/Ship/M_Ship_Grating.uasset" 695
"../../../Unreal_Icebreaker/Content/Textures/Ship/window_col_01.uasset" 696
"../../../Unreal_Icebreaker/Content/Textures/Ship/window_metal_01.uasset" 697
"../../../Unreal_Icebreaker/Content/Materials/Ship/M_Window_01.uasset" 698
"../../../Unreal_Icebreaker/Content/Audio/AudioLogs/Placeholder/Menu/whatthehellisthat.uasset" 699
"../../../Unreal_Icebreaker/Content/Audio/AudioLogs/Placeholder/wind01.uasset" 700
"../../../Unreal_Icebreaker/Content/Effects/Particles/Snow/P_Blizzard.uasset" 701
"../../../Unreal_Icebreaker/Content/Effects/Particles/Snow/P_SnowFlare.uasset" 702
"../../../Unreal_Icebreaker/Content/Meshes/lifeboat_01.uasset" 703
"../../../Unreal_Icebreaker/Content/Meshes/ship/ship_bridge_backwall_01.uasset" 704
"../../../Unreal_Icebreaker/Content/Meshes/ship/ship_bridge_backwall_door_01.uasset" 705
"../../../Unreal_Icebreaker/Content/Meshes/ship/ship_bridge_ceiling_01.uasset" 706
"../../../Unreal_Icebreaker/Content/Meshes/ship/ship_bridge_floor_01.uasset" 707
"../../../Unreal_Icebreaker/Content/Meshes/ship/ship_bridge_lower_01.uasset" 708
"../../../Unreal_Icebreaker/Content/Meshes/ship/ship_bridge_roof_01.uasset" 709
"../../../Unreal_Icebreaker/Content/Meshes/ship/ship_bridge_twin_door_01.uasset" 710
"../../../Unreal_Icebreaker/Content/Meshes/ship/ship_bridge_upper_01.uasset" 711
"../../../Unreal_Icebreaker/Content/Meshes/ship/ship_bridge_window_frames_01.uasset" 712
"../../../Unreal_Icebreaker/Content/Meshes/ship/ship_hull_01.uasset" 713
"../../../Unreal_Icebreaker/Content/Meshes/ship/ship_steps_01.uasset" 714
"../../../Unreal_Icebreaker/Content/Meshes/ship/ship_steps_grating_01.uasset" 715
"../../../Unreal_Icebreaker/Content/Meshes/ship/ship_wallkway_grating_01.uasset" 716
"../../../Unreal_Icebreaker/Content/Meshes/ship/ship_wallkway_railing_01.uasset" 717
"../../../Unreal_Icebreaker/Content/Meshes/Snow/snow_01.uasset" 718
"../../../Unreal_Icebreaker/Content/Meshes/Wheel/wheel.uasset" 719
"../../../Unreal_Icebreaker/Content/Meshes/Wheel/wheel_pillar_left.uasset" 720
"../../../Unreal_Icebreaker/Content/Meshes/Wheel/wheel_pillar_right.uasset" 721
"../../../Unreal_Icebreaker/Content/Levels/ShipFloors/Ship.umap" 722
"../../../Unreal_Icebreaker/Content/WaterPlane/Lake/Textures/T_MediumWaves_H.uasset" 723
"../../../Unreal_Icebreaker/Content/WaterPlane/Lake/Textures/T_MediumWaves_N.uasset" 724
"../../../Unreal_Icebreaker/Content/WaterPlane/Lake/Materials/M_LakeWater_01.uasset" 725
"../../../Unreal_Icebreaker/Content/WaterPlane/Lake/Materials/M_LakeWater_01_Inst.uasset" 726
"../../../Unreal_Icebreaker/Content/WaterPlane/Lake/Blueprint/BP_LakeWater.uasset" 727
"../../../Unreal_Icebreaker/Content/WaterPlane/Maps/LakeWater_Example.umap" 728
"../../../Unreal_Icebreaker/Content/WaterPlane/Environment/HDRI/HDRI_Epic_Courtyard_Daylight.uasset" 729
"../../../Unreal_Icebreaker/Content/WaterPlane/Translucent/Materials/M_TranslucentWater.uasset" 730
"../../../Unreal_Icebreaker/Content/WaterPlane/Translucent/Materials/M_TranslucentWater_Inst.uasset" 731
"../../../Unreal_Icebreaker/Content/WaterPlane/Translucent/Blueprint/BP_TranslucentWater.uasset" 732
"../../../Unreal_Icebreaker/Content/WaterPlane/Environment/Textures/T_MacroVariation.uasset" 733
"../../../Unreal_Icebreaker/Content/WaterPlane/Environment/Textures/T_Perlin_Noise_M.uasset" 734
"../../../Unreal_Icebreaker/Content/WaterPlane/Environment/Textures/T_Rock_Basalt_N.uasset" 735
"../../../Unreal_Icebreaker/Content/WaterPlane/Environment/Materials/M_Rock_Basalt.uasset" 736
"../../../Engine/Content/EngineMaterials/DefaultPhysicalMaterial.uasset" 737
"../../../Unreal_Icebreaker/Content/WaterPlane/Maps/TranslucentWater_Example.umap" 738
